# JRE version: OpenJDK Runtime Environment Temurin-19.0.2+7 (19.0.2+7) (build 19.0.2+7)
# Java VM: OpenJDK 64-Bit Server VM Temurin-19.0.2+7 (19.0.2+7, mixed mode, sharing, tiered, compressed oops, compressed class ptrs, g1 gc, windows-amd64)
GC Precious Log:
 CardTable entry size: 512
 Card Set container configuration: InlinePtr #cards 5 size 8 Array Of Cards #cards 12 size 40 Howl #buckets 4 coarsen threshold 1843 Howl Bitmap #cards 512 size 80 coarsen threshold 460 Card regions per heap region 1 cards per card region 2048
 CPUs: 12 total, 12 available
 Memory: 14188M
 Large Page Support: Disabled
 NUMA Support: Disabled
 Compressed Oops: Enabled (32-bit)
 Heap Region Size: 1M
 Heap Min Capacity: 8M
 Heap Initial Capacity: 222M
 Heap Max Capacity: 1G
 Pre-touch: Disabled
 Parallel Workers: 10
 Concurrent Workers: 3
 Concurrent Refinement Workers: 10
 Periodic GC: Disabled
 String Deduplication is enabled
Heap:
 garbage-first heap   total 232448K, used 112041K [0x00000000c0000000, 0x0000000100000000)
  region size 1024K, 48 young (49152K), 1 survivors (1024K)
 Metaspace       used 31895K, committed 33152K, reserved 1114112K
  class space    used 3032K, committed 3648K, reserved 1048576K
GC Heap History (20 events):
Event: 3527.555 GC heap before
{Heap before GC invocations=286 (full 0):
 garbage-first heap   total 137216K, used 119248K [0x00000000c0000000, 0x0000000100000000)
  region size 1024K, 55 young (56320K), 1 survivors (1024K)
 Metaspace       used 31726K, committed 33088K, reserved 1114112K
  class space    used 3004K, committed 3648K, reserved 1048576K
}
Event: 3527.559 GC heap after
{Heap after GC invocations=287 (full 0):
 garbage-first heap   total 137216K, used 65035K [0x00000000c0000000, 0x0000000100000000)
  region size 1024K, 1 young (1024K), 1 survivors (1024K)
 Metaspace       used 31726K, committed 33088K, reserved 1114112K
  class space    used 3004K, committed 3648K, reserved 1048576K
}
Event: 3620.910 GC heap before
{Heap before GC invocations=288 (full 0):
 garbage-first heap   total 137216K, used 120331K [0x00000000c0000000, 0x0000000100000000)
  region size 1024K, 55 young (56320K), 1 survivors (1024K)
 Metaspace       used 31726K, committed 33088K, reserved 1114112K
  class space    used 3004K, committed 3648K, reserved 1048576K
}
Event: 3620.927 GC heap after
{Heap after GC invocations=289 (full 0):
 garbage-first heap   total 137216K, used 65024K [0x00000000c0000000, 0x0000000100000000)
  region size 1024K, 1 young (1024K), 1 survivors (1024K)
 Metaspace       used 31726K, committed 33088K, reserved 1114112K
  class space    used 3004K, committed 3648K, reserved 1048576K
}
Event: 3620.940 GC heap before
{Heap before GC invocations=289 (full 0):
 garbage-first heap   total 137216K, used 70144K [0x00000000c0000000, 0x0000000100000000)
  region size 1024K, 6 young (6144K), 1 survivors (1024K)
 Metaspace       used 31726K, committed 33088K, reserved 1114112K
  class space    used 3004K, committed 3648K, reserved 1048576K
}
Event: 3620.956 GC heap after
{Heap after GC invocations=290 (full 0):
 garbage-first heap   total 137216K, used 64954K [0x00000000c0000000, 0x0000000100000000)
  region size 1024K, 1 young (1024K), 1 survivors (1024K)
 Metaspace       used 31726K, committed 33088K, reserved 1114112K
  class space    used 3004K, committed 3648K, reserved 1048576K
}
Event: 3714.415 GC heap before
{Heap before GC invocations=290 (full 0):
 garbage-first heap   total 137216K, used 119226K [0x00000000c0000000, 0x0000000100000000)
  region size 1024K, 55 young (56320K), 1 survivors (1024K)
 Metaspace       used 31735K, committed 33088K, reserved 1114112K
  class space    used 3004K, committed 3648K, reserved 1048576K
}
Event: 3714.421 GC heap after
{Heap after GC invocations=291 (full 0):
 garbage-first heap   total 411648K, used 64903K [0x00000000c0000000, 0x0000000100000000)
  region size 1024K, 1 young (1024K), 1 survivors (1024K)
 Metaspace       used 31735K, committed 33088K, reserved 1114112K
  class space    used 3004K, committed 3648K, reserved 1048576K
}
Event: 4306.778 GC heap before
{Heap before GC invocations=292 (full 0):
 garbage-first heap   total 235520K, used 205191K [0x00000000c0000000, 0x0000000100000000)
  region size 1024K, 138 young (141312K), 1 survivors (1024K)
 Metaspace       used 31746K, committed 33088K, reserved 1114112K
  class space    used 3004K, committed 3648K, reserved 1048576K
}
Event: 4306.799 GC heap after
{Heap after GC invocations=293 (full 0):
 garbage-first heap   total 235520K, used 64892K [0x00000000c0000000, 0x0000000100000000)
  region size 1024K, 1 young (1024K), 1 survivors (1024K)
 Metaspace       used 31746K, committed 33088K, reserved 1114112K
  class space    used 3004K, committed 3648K, reserved 1048576K
}
Event: 4337.822 GC heap before
{Heap before GC invocations=293 (full 0):
 garbage-first heap   total 235520K, used 75132K [0x00000000c0000000, 0x0000000100000000)
  region size 1024K, 11 young (11264K), 1 survivors (1024K)
 Metaspace       used 31746K, committed 33088K, reserved 1114112K
  class space    used 3004K, committed 3648K, reserved 1048576K
}
Event: 4337.825 GC heap after
{Heap after GC invocations=294 (full 0):
 garbage-first heap   total 235520K, used 64933K [0x00000000c0000000, 0x0000000100000000)
  region size 1024K, 1 young (1024K), 1 survivors (1024K)
 Metaspace       used 31746K, committed 33088K, reserved 1114112K
  class space    used 3004K, committed 3648K, reserved 1048576K
}
Event: 4929.224 GC heap before
{Heap before GC invocations=294 (full 0):
 garbage-first heap   total 235520K, used 204197K [0x00000000c0000000, 0x0000000100000000)
  region size 1024K, 138 young (141312K), 1 survivors (1024K)
 Metaspace       used 31747K, committed 33088K, reserved 1114112K
  class space    used 3004K, committed 3648K, reserved 1048576K
}
Event: 4929.236 GC heap after
{Heap after GC invocations=295 (full 0):
 garbage-first heap   total 235520K, used 64897K [0x00000000c0000000, 0x0000000100000000)
  region size 1024K, 1 young (1024K), 1 survivors (1024K)
 Metaspace       used 31747K, committed 33088K, reserved 1114112K
  class space    used 3004K, committed 3648K, reserved 1048576K
}
Event: 5505.151 GC heap before
{Heap before GC invocations=296 (full 0):
 garbage-first heap   total 235520K, used 205185K [0x00000000c0000000, 0x0000000100000000)
  region size 1024K, 138 young (141312K), 1 survivors (1024K)
 Metaspace       used 31747K, committed 33152K, reserved 1114112K
  class space    used 3004K, committed 3648K, reserved 1048576K
}
Event: 5505.234 GC heap after
{Heap after GC invocations=297 (full 0):
 garbage-first heap   total 235520K, used 64982K [0x00000000c0000000, 0x0000000100000000)
  region size 1024K, 1 young (1024K), 1 survivors (1024K)
 Metaspace       used 31747K, committed 33152K, reserved 1114112K
  class space    used 3004K, committed 3648K, reserved 1048576K
}
Event: 5572.376 GC heap before
{Heap before GC invocations=297 (full 0):
 garbage-first heap   total 235520K, used 75222K [0x00000000c0000000, 0x0000000100000000)
  region size 1024K, 11 young (11264K), 1 survivors (1024K)
 Metaspace       used 31747K, committed 33152K, reserved 1114112K
  class space    used 3004K, committed 3648K, reserved 1048576K
}
Event: 5572.412 GC heap after
{Heap after GC invocations=298 (full 0):
 garbage-first heap   total 235520K, used 64886K [0x00000000c0000000, 0x0000000100000000)
  region size 1024K, 1 young (1024K), 1 survivors (1024K)
 Metaspace       used 31747K, committed 33152K, reserved 1114112K
  class space    used 3004K, committed 3648K, reserved 1048576K
}
Event: 6162.375 GC heap before
{Heap before GC invocations=298 (full 0):
 garbage-first heap   total 235520K, used 204150K [0x00000000c0000000, 0x0000000100000000)
  region size 1024K, 138 young (141312K), 1 survivors (1024K)
 Metaspace       used 31762K, committed 33152K, reserved 1114112K
  class space    used 3004K, committed 3648K, reserved 1048576K
}
Event: 6162.434 GC heap after
{Heap after GC invocations=299 (full 0):
 garbage-first heap   total 235520K, used 64937K [0x00000000c0000000, 0x0000000100000000)
  region size 1024K, 1 young (1024K), 1 survivors (1024K)
 Metaspace       used 31762K, committed 33152K, reserved 1114112K
  class space    used 3004K, committed 3648K, reserved 1048576K
}

